{
  "uid" : "41c514c15258278a",
  "name" : "Click on confirm alert button",
  "fullName" : "tests.test_alerts.TestAlerts#test_click_confirm_accept_alert_button",
  "historyId" : "8f00399194036fe1648804f7506782a3",
  "time" : {
    "start" : 1738400575686,
    "stop" : 1738400603246,
    "duration" : 27560
  },
  "status" : "broken",
  "statusMessage" : "selenium.common.exceptions.TimeoutException: Message:",
  "statusTrace" : "self = <test_alerts.TestAlerts object at 0x7f643f7496f0>\n\n    @allure.title(\"Click on confirm alert button\")\n    @pytest.mark.smoke\n    @pytest.mark.screenshot\n    def test_click_confirm_accept_alert_button(self):\n        self.alerts.open()\n        self.alerts.is_opened()\n        self.alerts.click_confirm_alert_button()\n>       self.alerts.check_opened_confirm_alert()\n\ntests/test_alerts.py:36: \n_ _ _ _ _ _ _ _ _ _ _ _ _ _ _ _ _ _ _ _ _ _ _ _ _ _ _ _ _ _ _ _ _ _ _ _ _ _ _ _ \npages/alerts.py:61: in check_opened_confirm_alert\n    self.alert_is_present()\nbase/base_page.py:160: in alert_is_present\n    return self.wait.until(EC.alert_is_present())\n_ _ _ _ _ _ _ _ _ _ _ _ _ _ _ _ _ _ _ _ _ _ _ _ _ _ _ _ _ _ _ _ _ _ _ _ _ _ _ _ \n\nself = <selenium.webdriver.support.wait.WebDriverWait (session=\"f9cf97bee240ff91b9c492aebff5d46c\")>\nmethod = <function alert_is_present.<locals>._predicate at 0x7f643f760670>\nmessage = ''\n\n    def until(self, method: Callable[[D], Union[Literal[False], T]], message: str = \"\") -> T:\n        \"\"\"Calls the method provided with the driver as an argument until the \\\n        return value does not evaluate to ``False``.\n    \n        :param method: callable(WebDriver)\n        :param message: optional message for :exc:`TimeoutException`\n        :returns: the result of the last call to `method`\n        :raises: :exc:`selenium.common.exceptions.TimeoutException` if timeout occurs\n        \"\"\"\n        screen = None\n        stacktrace = None\n    \n        end_time = time.monotonic() + self._timeout\n        while True:\n            try:\n                value = method(self._driver)\n                if value:\n                    return value\n            except self._ignored_exceptions as exc:\n                screen = getattr(exc, \"screen\", None)\n                stacktrace = getattr(exc, \"stacktrace\", None)\n            time.sleep(self._poll)\n            if time.monotonic() > end_time:\n                break\n>       raise TimeoutException(message, screen, stacktrace)\nE       selenium.common.exceptions.TimeoutException: Message:\n\n../local/lib/python3.10/site-packages/selenium/webdriver/support/wait.py:105: TimeoutException",
  "flaky" : false,
  "newFailed" : false,
  "beforeStages" : [ {
    "name" : "driver",
    "time" : {
      "start" : 1738400575076,
      "stop" : 1738400575543,
      "duration" : 467
    },
    "status" : "passed",
    "steps" : [ ],
    "attachments" : [ ],
    "parameters" : [ ],
    "attachmentsCount" : 0,
    "shouldDisplayMessage" : false,
    "stepsCount" : 0,
    "hasContent" : false
  }, {
    "name" : "setup",
    "time" : {
      "start" : 1738400575543,
      "stop" : 1738400575685,
      "duration" : 142
    },
    "status" : "passed",
    "steps" : [ ],
    "attachments" : [ ],
    "parameters" : [ ],
    "attachmentsCount" : 0,
    "shouldDisplayMessage" : false,
    "stepsCount" : 0,
    "hasContent" : false
  }, {
    "name" : "_session_faker",
    "time" : {
      "start" : 1738400513755,
      "stop" : 1738400513843,
      "duration" : 88
    },
    "status" : "passed",
    "steps" : [ ],
    "attachments" : [ ],
    "parameters" : [ ],
    "attachmentsCount" : 0,
    "shouldDisplayMessage" : false,
    "stepsCount" : 0,
    "hasContent" : false
  } ],
  "testStage" : {
    "status" : "broken",
    "statusMessage" : "selenium.common.exceptions.TimeoutException: Message:",
    "statusTrace" : "self = <test_alerts.TestAlerts object at 0x7f643f7496f0>\n\n    @allure.title(\"Click on confirm alert button\")\n    @pytest.mark.smoke\n    @pytest.mark.screenshot\n    def test_click_confirm_accept_alert_button(self):\n        self.alerts.open()\n        self.alerts.is_opened()\n        self.alerts.click_confirm_alert_button()\n>       self.alerts.check_opened_confirm_alert()\n\ntests/test_alerts.py:36: \n_ _ _ _ _ _ _ _ _ _ _ _ _ _ _ _ _ _ _ _ _ _ _ _ _ _ _ _ _ _ _ _ _ _ _ _ _ _ _ _ \npages/alerts.py:61: in check_opened_confirm_alert\n    self.alert_is_present()\nbase/base_page.py:160: in alert_is_present\n    return self.wait.until(EC.alert_is_present())\n_ _ _ _ _ _ _ _ _ _ _ _ _ _ _ _ _ _ _ _ _ _ _ _ _ _ _ _ _ _ _ _ _ _ _ _ _ _ _ _ \n\nself = <selenium.webdriver.support.wait.WebDriverWait (session=\"f9cf97bee240ff91b9c492aebff5d46c\")>\nmethod = <function alert_is_present.<locals>._predicate at 0x7f643f760670>\nmessage = ''\n\n    def until(self, method: Callable[[D], Union[Literal[False], T]], message: str = \"\") -> T:\n        \"\"\"Calls the method provided with the driver as an argument until the \\\n        return value does not evaluate to ``False``.\n    \n        :param method: callable(WebDriver)\n        :param message: optional message for :exc:`TimeoutException`\n        :returns: the result of the last call to `method`\n        :raises: :exc:`selenium.common.exceptions.TimeoutException` if timeout occurs\n        \"\"\"\n        screen = None\n        stacktrace = None\n    \n        end_time = time.monotonic() + self._timeout\n        while True:\n            try:\n                value = method(self._driver)\n                if value:\n                    return value\n            except self._ignored_exceptions as exc:\n                screen = getattr(exc, \"screen\", None)\n                stacktrace = getattr(exc, \"stacktrace\", None)\n            time.sleep(self._poll)\n            if time.monotonic() > end_time:\n                break\n>       raise TimeoutException(message, screen, stacktrace)\nE       selenium.common.exceptions.TimeoutException: Message:\n\n../local/lib/python3.10/site-packages/selenium/webdriver/support/wait.py:105: TimeoutException",
    "steps" : [ {
      "name" : "Open https://demoqa.com/alerts page",
      "time" : {
        "start" : 1738400575686,
        "stop" : 1738400588019,
        "duration" : 12333
      },
      "status" : "passed",
      "steps" : [ ],
      "attachments" : [ ],
      "parameters" : [ ],
      "attachmentsCount" : 0,
      "shouldDisplayMessage" : false,
      "stepsCount" : 0,
      "hasContent" : false
    }, {
      "name" : "Page https://demoqa.com/alerts is opened",
      "time" : {
        "start" : 1738400588019,
        "stop" : 1738400588023,
        "duration" : 4
      },
      "status" : "passed",
      "steps" : [ ],
      "attachments" : [ ],
      "parameters" : [ ],
      "attachmentsCount" : 0,
      "shouldDisplayMessage" : false,
      "stepsCount" : 0,
      "hasContent" : false
    }, {
      "name" : "Click on confirm_alert_button",
      "time" : {
        "start" : 1738400588023,
        "stop" : 1738400588159,
        "duration" : 136
      },
      "status" : "passed",
      "steps" : [ {
        "name" : "Check if element located by ('xpath', \"//button[@id='confirmButton']\") is clickable",
        "time" : {
          "start" : 1738400588023,
          "stop" : 1738400588054,
          "duration" : 31
        },
        "status" : "passed",
        "steps" : [ ],
        "attachments" : [ ],
        "parameters" : [ ],
        "attachmentsCount" : 0,
        "shouldDisplayMessage" : false,
        "stepsCount" : 0,
        "hasContent" : false
      } ],
      "attachments" : [ ],
      "parameters" : [ ],
      "attachmentsCount" : 0,
      "shouldDisplayMessage" : false,
      "stepsCount" : 1,
      "hasContent" : true
    }, {
      "name" : "Check if confirm_alert_button alert opened",
      "time" : {
        "start" : 1738400588159,
        "stop" : 1738400603246,
        "duration" : 15087
      },
      "status" : "broken",
      "statusMessage" : "selenium.common.exceptions.TimeoutException: Message: \n\n",
      "statusTrace" : "  File \"/usr/local/lib/python3.10/site-packages/allure_commons/_allure.py\", line 192, in impl\n    return func(*a, **kw)\n  File \"/usr/workspace/pages/alerts.py\", line 61, in check_opened_confirm_alert\n    self.alert_is_present()\n  File \"/usr/workspace/base/base_page.py\", line 160, in alert_is_present\n    return self.wait.until(EC.alert_is_present())\n  File \"/usr/local/lib/python3.10/site-packages/selenium/webdriver/support/wait.py\", line 105, in until\n    raise TimeoutException(message, screen, stacktrace)\n",
      "steps" : [ {
        "name" : "Wait for alert to be present",
        "time" : {
          "start" : 1738400588160,
          "stop" : 1738400603246,
          "duration" : 15086
        },
        "status" : "broken",
        "statusMessage" : "selenium.common.exceptions.TimeoutException: Message: \n\n",
        "statusTrace" : "  File \"/usr/workspace/base/base_page.py\", line 160, in alert_is_present\n    return self.wait.until(EC.alert_is_present())\n  File \"/usr/local/lib/python3.10/site-packages/selenium/webdriver/support/wait.py\", line 105, in until\n    raise TimeoutException(message, screen, stacktrace)\n",
        "steps" : [ ],
        "attachments" : [ ],
        "parameters" : [ ],
        "attachmentsCount" : 0,
        "shouldDisplayMessage" : true,
        "stepsCount" : 0,
        "hasContent" : true
      } ],
      "attachments" : [ ],
      "parameters" : [ ],
      "attachmentsCount" : 0,
      "shouldDisplayMessage" : false,
      "stepsCount" : 1,
      "hasContent" : true
    } ],
    "attachments" : [ {
      "uid" : "19540ef7aa883f34",
      "name" : "screenshots/test_click_confirm_accept_alert_button_2025-02-01_11-03-23.png",
      "source" : "19540ef7aa883f34.attach",
      "type" : "image/png",
      "size" : 355385
    } ],
    "parameters" : [ ],
    "attachmentsCount" : 1,
    "shouldDisplayMessage" : true,
    "stepsCount" : 6,
    "hasContent" : true
  },
  "afterStages" : [ {
    "name" : "driver::0",
    "time" : {
      "start" : 1738400603607,
      "stop" : 1738400603669,
      "duration" : 62
    },
    "status" : "passed",
    "steps" : [ ],
    "attachments" : [ ],
    "parameters" : [ ],
    "attachmentsCount" : 0,
    "shouldDisplayMessage" : false,
    "stepsCount" : 0,
    "hasContent" : false
  } ],
  "labels" : [ {
    "name" : "feature",
    "value" : "Alerts, Frame & Windows  - Alerts"
  }, {
    "name" : "tag",
    "value" : "screenshot"
  }, {
    "name" : "tag",
    "value" : "smoke"
  }, {
    "name" : "parentSuite",
    "value" : "tests"
  }, {
    "name" : "suite",
    "value" : "test_alerts"
  }, {
    "name" : "subSuite",
    "value" : "TestAlerts"
  }, {
    "name" : "host",
    "value" : "cc1ea9ba9da2"
  }, {
    "name" : "thread",
    "value" : "1-MainThread"
  }, {
    "name" : "framework",
    "value" : "pytest"
  }, {
    "name" : "language",
    "value" : "cpython3"
  }, {
    "name" : "package",
    "value" : "tests.test_alerts"
  }, {
    "name" : "resultFormat",
    "value" : "allure2"
  } ],
  "parameters" : [ ],
  "links" : [ ],
  "hidden" : false,
  "retry" : false,
  "extra" : {
    "severity" : "normal",
    "retries" : [ ],
    "categories" : [ {
      "name" : "Test defects",
      "matchedStatuses" : [ ],
      "flaky" : false
    } ],
    "history" : {
      "statistic" : {
        "failed" : 0,
        "broken" : 3,
        "skipped" : 0,
        "passed" : 5,
        "unknown" : 0,
        "total" : 8
      },
      "items" : [ {
        "uid" : "d5f56b9727526187",
        "status" : "broken",
        "statusDetails" : "selenium.common.exceptions.TimeoutException: Message:",
        "time" : {
          "start" : 1738161697772,
          "stop" : 1738161725783,
          "duration" : 28011
        }
      }, {
        "uid" : "fd0bc3a8f49474a",
        "status" : "passed",
        "time" : {
          "start" : 1738147124879,
          "stop" : 1738147132237,
          "duration" : 7358
        }
      }, {
        "uid" : "dc7894a70f87e1e7",
        "status" : "passed",
        "time" : {
          "start" : 1738075436934,
          "stop" : 1738075439785,
          "duration" : 2851
        }
      }, {
        "uid" : "68e9880aa71e8113",
        "status" : "passed",
        "time" : {
          "start" : 1731657350333,
          "stop" : 1731657357541,
          "duration" : 7208
        }
      }, {
        "uid" : "5c94028085286bd",
        "status" : "broken",
        "statusDetails" : "selenium.common.exceptions.TimeoutException: Message:",
        "time" : {
          "start" : 1730874585211,
          "stop" : 1730874600641,
          "duration" : 15430
        }
      }, {
        "uid" : "70486a22ea941e20",
        "status" : "passed",
        "time" : {
          "start" : 1730834126127,
          "stop" : 1730834368273,
          "duration" : 242146
        }
      }, {
        "uid" : "703f27e8f12b5eab",
        "status" : "passed",
        "time" : {
          "start" : 1730114614025,
          "stop" : 1730114622289,
          "duration" : 8264
        }
      } ]
    },
    "tags" : [ "smoke", "screenshot" ]
  },
  "source" : "41c514c15258278a.json",
  "parameterValues" : [ ]
}