{
  "uid" : "e8df8b509c747c61",
  "name" : "Test select date and time in calendar",
  "fullName" : "tests.test_date_picker.TestDatePicker#test_select_date_and_ti",
  "historyId" : "4ceefaf7e6501ad4b3a55d68cb68176a",
  "time" : {
    "start" : 1741106067497,
    "stop" : 1741106070816,
    "duration" : 3319
  },
  "status" : "failed",
  "statusMessage" : "AssertionError: Expected value 'February 16, 2028 ' but got 'February 16, 2028 3:30 PM'",
  "statusTrace" : "self = <test_date_picker.TestDatePicker object at 0x7f11c9f9ab30>\n\n    @allure.title(\"Test select date and time in calendar\")\n    @pytest.mark.smoke\n    @pytest.mark.screenshot\n    def test_select_date_and_ti(self):\n        self.date_picker.open()\n        self.date_picker.is_opened()\n        self.date_picker.select_date_and_time()\n>       self.date_picker.verify_date_and_time()\n\ntests/test_date_picker.py:25: \n_ _ _ _ _ _ _ _ _ _ _ _ _ _ _ _ _ _ _ _ _ _ _ _ _ _ _ _ _ _ _ _ _ _ _ _ _ _ _ _ \npages/date_picker.py:99: in verify_date_and_time\n    self.check_element_value(self.DATE_AND_TIME_CALENDAR, actual_date)\n_ _ _ _ _ _ _ _ _ _ _ _ _ _ _ _ _ _ _ _ _ _ _ _ _ _ _ _ _ _ _ _ _ _ _ _ _ _ _ _ \n\nself = <pages.date_picker.DatePicker object at 0x7f11c5249c60>\nlocator = ('xpath', \"//input[@id='dateAndTimePickerInput']\")\nnew_value = 'February 16, 2028 ', slicing = None\n\n    def check_element_value(self, locator, new_value, slicing=None):\n        with allure.step(f\"Wait for element located by {locator} to change new value '{new_value}'\"):\n            element = self.wait.until(EC.visibility_of_element_located(locator))\n            actual_value = element.get_attribute('value')\n            actual_value = slicing(actual_value) if slicing else actual_value\n>           assert str(new_value).lower().strip() == str(actual_value).lower().strip(), f\"Expected value '{new_value}' but got '{actual_value}'\"\nE           AssertionError: Expected value 'February 16, 2028 ' but got 'February 16, 2028 3:30 PM'\n\nbase/base_page.py:74: AssertionError",
  "flaky" : false,
  "newFailed" : false,
  "beforeStages" : [ {
    "name" : "setup",
    "time" : {
      "start" : 1741106067345,
      "stop" : 1741106067496,
      "duration" : 151
    },
    "status" : "passed",
    "steps" : [ ],
    "attachments" : [ ],
    "parameters" : [ ],
    "attachmentsCount" : 0,
    "shouldDisplayMessage" : false,
    "stepsCount" : 0,
    "hasContent" : false
  }, {
    "name" : "_session_faker",
    "time" : {
      "start" : 1741105928637,
      "stop" : 1741105928724,
      "duration" : 87
    },
    "status" : "passed",
    "steps" : [ ],
    "attachments" : [ ],
    "parameters" : [ ],
    "attachmentsCount" : 0,
    "shouldDisplayMessage" : false,
    "stepsCount" : 0,
    "hasContent" : false
  }, {
    "name" : "driver",
    "time" : {
      "start" : 1741106066880,
      "stop" : 1741106067345,
      "duration" : 465
    },
    "status" : "passed",
    "steps" : [ ],
    "attachments" : [ ],
    "parameters" : [ ],
    "attachmentsCount" : 0,
    "shouldDisplayMessage" : false,
    "stepsCount" : 0,
    "hasContent" : false
  } ],
  "testStage" : {
    "status" : "failed",
    "statusMessage" : "AssertionError: Expected value 'February 16, 2028 ' but got 'February 16, 2028 3:30 PM'",
    "statusTrace" : "self = <test_date_picker.TestDatePicker object at 0x7f11c9f9ab30>\n\n    @allure.title(\"Test select date and time in calendar\")\n    @pytest.mark.smoke\n    @pytest.mark.screenshot\n    def test_select_date_and_ti(self):\n        self.date_picker.open()\n        self.date_picker.is_opened()\n        self.date_picker.select_date_and_time()\n>       self.date_picker.verify_date_and_time()\n\ntests/test_date_picker.py:25: \n_ _ _ _ _ _ _ _ _ _ _ _ _ _ _ _ _ _ _ _ _ _ _ _ _ _ _ _ _ _ _ _ _ _ _ _ _ _ _ _ \npages/date_picker.py:99: in verify_date_and_time\n    self.check_element_value(self.DATE_AND_TIME_CALENDAR, actual_date)\n_ _ _ _ _ _ _ _ _ _ _ _ _ _ _ _ _ _ _ _ _ _ _ _ _ _ _ _ _ _ _ _ _ _ _ _ _ _ _ _ \n\nself = <pages.date_picker.DatePicker object at 0x7f11c5249c60>\nlocator = ('xpath', \"//input[@id='dateAndTimePickerInput']\")\nnew_value = 'February 16, 2028 ', slicing = None\n\n    def check_element_value(self, locator, new_value, slicing=None):\n        with allure.step(f\"Wait for element located by {locator} to change new value '{new_value}'\"):\n            element = self.wait.until(EC.visibility_of_element_located(locator))\n            actual_value = element.get_attribute('value')\n            actual_value = slicing(actual_value) if slicing else actual_value\n>           assert str(new_value).lower().strip() == str(actual_value).lower().strip(), f\"Expected value '{new_value}' but got '{actual_value}'\"\nE           AssertionError: Expected value 'February 16, 2028 ' but got 'February 16, 2028 3:30 PM'\n\nbase/base_page.py:74: AssertionError",
    "steps" : [ {
      "name" : "Open https://demoqa.com/date-picker page",
      "time" : {
        "start" : 1741106067497,
        "stop" : 1741106069018,
        "duration" : 1521
      },
      "status" : "passed",
      "steps" : [ ],
      "attachments" : [ ],
      "parameters" : [ ],
      "attachmentsCount" : 0,
      "shouldDisplayMessage" : false,
      "stepsCount" : 0,
      "hasContent" : false
    }, {
      "name" : "Page https://demoqa.com/date-picker is opened",
      "time" : {
        "start" : 1741106069018,
        "stop" : 1741106069022,
        "duration" : 4
      },
      "status" : "passed",
      "steps" : [ ],
      "attachments" : [ ],
      "parameters" : [ ],
      "attachmentsCount" : 0,
      "shouldDisplayMessage" : false,
      "stepsCount" : 0,
      "hasContent" : false
    }, {
      "name" : "Select date and time in calendar",
      "time" : {
        "start" : 1741106069022,
        "stop" : 1741106070768,
        "duration" : 1746
      },
      "status" : "passed",
      "steps" : [ {
        "name" : "Check if element located by ('xpath', \"//input[@id='dateAndTimePickerInput']\") is clickable",
        "time" : {
          "start" : 1741106069022,
          "stop" : 1741106069095,
          "duration" : 73
        },
        "status" : "passed",
        "steps" : [ ],
        "attachments" : [ ],
        "parameters" : [ ],
        "attachmentsCount" : 0,
        "shouldDisplayMessage" : false,
        "stepsCount" : 0,
        "hasContent" : false
      }, {
        "name" : "Check if element located by ('xpath', \"//div[contains(@class, 'year-dropdown-container--scroll')]\") is clickable",
        "time" : {
          "start" : 1741106069637,
          "stop" : 1741106069684,
          "duration" : 47
        },
        "status" : "passed",
        "steps" : [ ],
        "attachments" : [ ],
        "parameters" : [ ],
        "attachmentsCount" : 0,
        "shouldDisplayMessage" : false,
        "stepsCount" : 0,
        "hasContent" : false
      }, {
        "name" : "Check visibility of elements located by ('xpath', \"//div[contains(@class, 'year-option')]\")",
        "time" : {
          "start" : 1741106069871,
          "stop" : 1741106069995,
          "duration" : 124
        },
        "status" : "passed",
        "steps" : [ ],
        "attachments" : [ ],
        "parameters" : [ ],
        "attachmentsCount" : 0,
        "shouldDisplayMessage" : false,
        "stepsCount" : 0,
        "hasContent" : false
      }, {
        "name" : "Get all elements from the list",
        "time" : {
          "start" : 1741106069995,
          "stop" : 1741106069995,
          "duration" : 0
        },
        "status" : "passed",
        "steps" : [ ],
        "attachments" : [ ],
        "parameters" : [ ],
        "attachmentsCount" : 0,
        "shouldDisplayMessage" : false,
        "stepsCount" : 0,
        "hasContent" : false
      }, {
        "name" : "Check if element located by ('xpath', \"//div[contains(@class, 'month-dropdown-container--scroll')]\") is clickable",
        "time" : {
          "start" : 1741106070112,
          "stop" : 1741106070135,
          "duration" : 23
        },
        "status" : "passed",
        "steps" : [ ],
        "attachments" : [ ],
        "parameters" : [ ],
        "attachmentsCount" : 0,
        "shouldDisplayMessage" : false,
        "stepsCount" : 0,
        "hasContent" : false
      }, {
        "name" : "Check visibility of elements located by ('xpath', \"//div[contains(@class, 'month-option')]\")",
        "time" : {
          "start" : 1741106070200,
          "stop" : 1741106070287,
          "duration" : 87
        },
        "status" : "passed",
        "steps" : [ ],
        "attachments" : [ ],
        "parameters" : [ ],
        "attachmentsCount" : 0,
        "shouldDisplayMessage" : false,
        "stepsCount" : 0,
        "hasContent" : false
      }, {
        "name" : "Get all elements from the list",
        "time" : {
          "start" : 1741106070288,
          "stop" : 1741106070288,
          "duration" : 0
        },
        "status" : "passed",
        "steps" : [ ],
        "attachments" : [ ],
        "parameters" : [ ],
        "attachmentsCount" : 0,
        "shouldDisplayMessage" : false,
        "stepsCount" : 0,
        "hasContent" : false
      }, {
        "name" : "Check presence of elements located by ('xpath', \"//div[contains(@class, 'day react-datepicker')]\")",
        "time" : {
          "start" : 1741106070367,
          "stop" : 1741106070380,
          "duration" : 13
        },
        "status" : "passed",
        "steps" : [ ],
        "attachments" : [ ],
        "parameters" : [ ],
        "attachmentsCount" : 0,
        "shouldDisplayMessage" : false,
        "stepsCount" : 0,
        "hasContent" : false
      }, {
        "name" : "Get all elements from the list",
        "time" : {
          "start" : 1741106070604,
          "stop" : 1741106070604,
          "duration" : 0
        },
        "status" : "passed",
        "steps" : [ ],
        "attachments" : [ ],
        "parameters" : [ ],
        "attachmentsCount" : 0,
        "shouldDisplayMessage" : false,
        "stepsCount" : 0,
        "hasContent" : false
      }, {
        "name" : "Check presence of elements located by ('xpath', \"//li[contains(@class, 'time-list-item ')]\")",
        "time" : {
          "start" : 1741106070688,
          "stop" : 1741106070702,
          "duration" : 14
        },
        "status" : "passed",
        "steps" : [ ],
        "attachments" : [ ],
        "parameters" : [ ],
        "attachmentsCount" : 0,
        "shouldDisplayMessage" : false,
        "stepsCount" : 0,
        "hasContent" : false
      }, {
        "name" : "Get all elements from the list",
        "time" : {
          "start" : 1741106070703,
          "stop" : 1741106070703,
          "duration" : 0
        },
        "status" : "passed",
        "steps" : [ ],
        "attachments" : [ ],
        "parameters" : [ ],
        "attachmentsCount" : 0,
        "shouldDisplayMessage" : false,
        "stepsCount" : 0,
        "hasContent" : false
      } ],
      "attachments" : [ ],
      "parameters" : [ ],
      "attachmentsCount" : 0,
      "shouldDisplayMessage" : false,
      "stepsCount" : 11,
      "hasContent" : true
    }, {
      "name" : "Verify date and time",
      "time" : {
        "start" : 1741106070768,
        "stop" : 1741106070816,
        "duration" : 48
      },
      "status" : "failed",
      "statusMessage" : "AssertionError: Expected value 'February 16, 2028 ' but got 'February 16, 2028 3:30 PM'\n",
      "statusTrace" : "  File \"/usr/local/lib/python3.10/site-packages/allure_commons/_allure.py\", line 192, in impl\n    return func(*a, **kw)\n  File \"/usr/workspace/pages/date_picker.py\", line 99, in verify_date_and_time\n    self.check_element_value(self.DATE_AND_TIME_CALENDAR, actual_date)\n  File \"/usr/workspace/base/base_page.py\", line 74, in check_element_value\n    assert str(new_value).lower().strip() == str(actual_value).lower().strip(), f\"Expected value '{new_value}' but got '{actual_value}'\"\n",
      "steps" : [ {
        "name" : "Wait for element located by ('xpath', \"//input[@id='dateAndTimePickerInput']\") to change new value 'February 16, 2028 '",
        "time" : {
          "start" : 1741106070800,
          "stop" : 1741106070816,
          "duration" : 16
        },
        "status" : "failed",
        "statusMessage" : "AssertionError: Expected value 'February 16, 2028 ' but got 'February 16, 2028 3:30 PM'\n",
        "statusTrace" : "  File \"/usr/workspace/base/base_page.py\", line 74, in check_element_value\n    assert str(new_value).lower().strip() == str(actual_value).lower().strip(), f\"Expected value '{new_value}' but got '{actual_value}'\"\n",
        "steps" : [ ],
        "attachments" : [ ],
        "parameters" : [ ],
        "attachmentsCount" : 0,
        "shouldDisplayMessage" : true,
        "stepsCount" : 0,
        "hasContent" : true
      } ],
      "attachments" : [ ],
      "parameters" : [ ],
      "attachmentsCount" : 0,
      "shouldDisplayMessage" : false,
      "stepsCount" : 1,
      "hasContent" : true
    } ],
    "attachments" : [ {
      "uid" : "b03e654b0b260f31",
      "name" : "screenshots/test_select_date_and_ti_2025-03-04_18-34-30.png",
      "source" : "b03e654b0b260f31.attach",
      "type" : "image/png",
      "size" : 320549
    } ],
    "parameters" : [ ],
    "attachmentsCount" : 1,
    "shouldDisplayMessage" : true,
    "stepsCount" : 16,
    "hasContent" : true
  },
  "afterStages" : [ {
    "name" : "driver::0",
    "time" : {
      "start" : 1741106071218,
      "stop" : 1741106071278,
      "duration" : 60
    },
    "status" : "passed",
    "steps" : [ ],
    "attachments" : [ ],
    "parameters" : [ ],
    "attachmentsCount" : 0,
    "shouldDisplayMessage" : false,
    "stepsCount" : 0,
    "hasContent" : false
  } ],
  "labels" : [ {
    "name" : "feature",
    "value" : "Widgets"
  }, {
    "name" : "tag",
    "value" : "screenshot"
  }, {
    "name" : "tag",
    "value" : "smoke"
  }, {
    "name" : "parentSuite",
    "value" : "tests"
  }, {
    "name" : "suite",
    "value" : "test_date_picker"
  }, {
    "name" : "subSuite",
    "value" : "TestDatePicker"
  }, {
    "name" : "host",
    "value" : "39ab52e7fffc"
  }, {
    "name" : "thread",
    "value" : "1-MainThread"
  }, {
    "name" : "framework",
    "value" : "pytest"
  }, {
    "name" : "language",
    "value" : "cpython3"
  }, {
    "name" : "package",
    "value" : "tests.test_date_picker"
  }, {
    "name" : "resultFormat",
    "value" : "allure2"
  } ],
  "parameters" : [ ],
  "links" : [ ],
  "hidden" : false,
  "retry" : false,
  "extra" : {
    "severity" : "normal",
    "retries" : [ ],
    "categories" : [ {
      "name" : "Product defects",
      "matchedStatuses" : [ ],
      "flaky" : false
    } ],
    "history" : {
      "statistic" : {
        "failed" : 6,
        "broken" : 2,
        "skipped" : 0,
        "passed" : 0,
        "unknown" : 0,
        "total" : 8
      },
      "items" : [ {
        "uid" : "d7778e5a94143575",
        "status" : "failed",
        "statusDetails" : "AssertionError: Expected value 'May 8, 2028 ' but got 'May 8, 2028 6:30 PM'",
        "time" : {
          "start" : 1740845521993,
          "stop" : 1740845535488,
          "duration" : 13495
        }
      }, {
        "uid" : "d2395615796be2cf",
        "status" : "broken",
        "statusDetails" : "selenium.common.exceptions.TimeoutException: Message: timeout: Timed out receiving message from renderer: -0.000\n  (Session info: chrome=132.0.6834.83)",
        "time" : {
          "start" : 1740064841937,
          "stop" : 1740065141943,
          "duration" : 300006
        }
      }, {
        "uid" : "b1d74d64ce461913",
        "status" : "failed",
        "statusDetails" : "AssertionError: Expected value 'June 1, 2021 ' but got 'July 1, 2021 7:00 AM'",
        "time" : {
          "start" : 1738400783810,
          "stop" : 1738400796511,
          "duration" : 12701
        }
      }, {
        "uid" : "d427ceac1a97dfc1",
        "status" : "failed",
        "statusDetails" : "AssertionError: Expected value 'June 27, 2024 ' but got 'June 27, 2024 6:00 AM'",
        "time" : {
          "start" : 1738161875099,
          "stop" : 1738161892025,
          "duration" : 16926
        }
      }, {
        "uid" : "5814512a388c0959",
        "status" : "failed",
        "statusDetails" : "AssertionError: Expected value 'August 16, 2023 ' but got 'August 16, 2023 3:30 PM'",
        "time" : {
          "start" : 1738147230702,
          "stop" : 1738147238794,
          "duration" : 8092
        }
      }, {
        "uid" : "f5d6151eb400ab9b",
        "status" : "broken",
        "statusDetails" : "selenium.common.exceptions.ElementClickInterceptedException: Message: element click intercepted: Element <div class=\"react-datepicker__month-dropdown-container react-datepicker__month-dropdown-container--scroll\">...</div> is not clickable at point (820, 369). Other element would receive the click: <div class=\"react-datepicker__year-option\">...</div>\n  (Session info: headless chrome=112.0.5615.165)",
        "time" : {
          "start" : 1738075528549,
          "stop" : 1738075532457,
          "duration" : 3908
        }
      }, {
        "uid" : "2fe9b6642128a843",
        "status" : "failed",
        "statusDetails" : "AssertionError: Expected value 'May 18, 2019 ' but got 'May 18, 2019 3:15 PM'",
        "time" : {
          "start" : 1731657730155,
          "stop" : 1731657734247,
          "duration" : 4092
        }
      } ]
    },
    "tags" : [ "smoke", "screenshot" ]
  },
  "source" : "e8df8b509c747c61.json",
  "parameterValues" : [ ]
}